<?xml version="1.0" encoding="UTF-8"?>
<!-- Generated by org.testng.reporters.JUnitXMLReporter -->
<testsuite ignored="0" hostname="DESKTOP-DSV9LIK" failures="1" tests="5" name="Test" time="42.605" errors="0" timestamp="2024-01-25T17:51:34 IST">
  <testcase classname="com.m2ost.Login.Login" name="TestLogin" time="5.656"/>
  <testcase classname="com.m2ost.Login.Login" name="TestLogin" time="6.265"/>
  <testcase classname="com.m2ost.Login.Login" name="TestLogin" time="4.749"/>
  <testcase classname="com.m2ost.Login.Login" name="TestLogin" time="6.004"/>
  <testcase classname="com.m2ost.Login.Login" name="TestM2OST" time="6.476">
    <failure type="java.lang.AssertionError" message="expected [M2OST] but found [Login]">
      <![CDATA[java.lang.AssertionError: expected [M2OST] but found [Login]
at com.m2ost.Login.Login.TestM2OST(Login.java:64)
at java.base/java.util.ArrayList.forEach(ArrayList.java:1511)
... Removed 33 stack frames]]>
    </failure>
  </testcase> <!-- TestM2OST -->
</testsuite> <!-- Test -->
